[2022-05-12 19:45:13]	link failed !, exit code: 3
  at unify_builder.Program.Main (System.String[] args) [0x0191f] in <b9271b40b8c2421c89943586cdcc8f1f>:0 
---
LX51 LINKER/LOCATER V4.66.97.0 - SN: Eval Version
COPYRIGHT ARM Germany GmbH 1995 - 2019
@c:\Users\guoliang\devSpace\MCU\51\sw_workspace\OLED\build\Debug\OLED.lnp 
.\build\Debug\src\I2C.o,.\build\Debug\src\delay.o,.\build\Debug\src\main.o,.\build\Debug\src\oled.o,.\build\Debug\src\oled12864.o TO .\build\Debug\OLED
PRINT(.\build\Debug\OLED.map) REMOVEUNUSED
*** ERROR L104: MULTIPLE PUBLIC DEFINITIONS
    SYMBOL:  iic_stop
    MODULE:  .\BUILD\DEBUG\SRC\OLED.O (OLED)
   DEFINED:  .\BUILD\DEBUG\SRC\I2C.O (I2C)
*** ERROR L104: MULTIPLE PUBLIC DEFINITIONS
    SYMBOL:  iic_start
    MODULE:  .\BUILD\DEBUG\SRC\OLED.O (OLED)
   DEFINED:  .\BUILD\DEBUG\SRC\I2C.O (I2C)
******************************************************************************
* RESTRICTED VERSION WITH 0800H BYTE CODE SIZE LIMIT; USED: 1946H BYTE (315%) *
******************************************************************************
Program Size: data=24.0 xdata=0 const=4597 code=1688
*** ERROR L104: MULTIPLE PUBLIC DEFINITIONS
    SYMBOL:  iic_stop
    MODULE:  .\BUILD\DEBUG\SRC\OLED.O (OLED)
   DEFINED:  .\BUILD\DEBUG\SRC\I2C.O (I2C)
*** ERROR L104: MULTIPLE PUBLIC DEFINITIONS
    SYMBOL:  iic_start
    MODULE:  .\BUILD\DEBUG\SRC\OLED.O (OLED)
   DEFINED:  .\BUILD\DEBUG\SRC\I2C.O (I2C)
*** ERROR L250: CODE SIZE LIMIT IN RESTRICTED VERSION EXCEEDED
    LIMIT:   0800H BYTES


[2022-05-12 19:46:34]	link failed !, exit code: 3
  at unify_builder.Program.Main (System.String[] args) [0x0191f] in <b9271b40b8c2421c89943586cdcc8f1f>:0 
---
LX51 LINKER/LOCATER V4.66.97.0 - SN: Eval Version
COPYRIGHT ARM Germany GmbH 1995 - 2019
@c:\Users\guoliang\devSpace\MCU\51\sw_workspace\OLED\build\Debug\OLED.lnp 
.\build\Debug\src\delay.o,.\build\Debug\src\main.o,.\build\Debug\src\oled.o,.\build\Debug\src\oled12864.o TO .\build\Debug\OLED
PRINT(.\build\Debug\OLED.map) REMOVEUNUSED
******************************************************************************
* RESTRICTED VERSION WITH 0800H BYTE CODE SIZE LIMIT; USED: 18C7H BYTE (309%) *
******************************************************************************
Program Size: data=24.0 xdata=0 const=4597 code=1688
*** ERROR L250: CODE SIZE LIMIT IN RESTRICTED VERSION EXCEEDED
    LIMIT:   0800H BYTES


[2022-05-12 19:48:25]	compilation failed at : "c:\Users\guoliang\devSpace\MCU\51\sw_workspace\OLED\src\main.c", exit code: 2
  at unify_builder.Program.Main (System.String[] args) [0x0177b] in <b9271b40b8c2421c89943586cdcc8f1f>:0 
---
C51 COMPILER V9.60.0.0 - SN: Eval Version
COPYRIGHT Copyright (C) 2012 - 2019 ARM Ltd and ARM Germany GmbH. All rights reserved.
*** ERROR C249 IN LINE 85 OF .\SRC\MAIN.C: 'DATA': SEGMENT TOO LARGE
C51 COMPILATION COMPLETE.  0 WARNING(S),  1 ERROR(S)

[2022-05-12 19:49:10]	compilation failed at : "c:\Users\guoliang\devSpace\MCU\51\sw_workspace\OLED\src\main.c", exit code: 2
  at unify_builder.Program.Main (System.String[] args) [0x0177b] in <b9271b40b8c2421c89943586cdcc8f1f>:0 
---
C51 COMPILER V9.60.0.0 - SN: Eval Version
COPYRIGHT Copyright (C) 2012 - 2019 ARM Ltd and ARM Germany GmbH. All rights reserved.
*** ERROR C249 IN LINE 85 OF .\SRC\MAIN.C: 'DATA': SEGMENT TOO LARGE
C51 COMPILATION COMPLETE.  0 WARNING(S),  1 ERROR(S)

[2022-05-12 19:50:16]	compilation failed at : "c:\Users\guoliang\devSpace\MCU\51\sw_workspace\OLED\src\main.c", exit code: 2
  at unify_builder.Program.Main (System.String[] args) [0x0177b] in <b9271b40b8c2421c89943586cdcc8f1f>:0 
---
C51 COMPILER V9.60.0.0 - SN: Eval Version
COPYRIGHT Copyright (C) 2012 - 2019 ARM Ltd and ARM Germany GmbH. All rights reserved.
*** ERROR C249 IN LINE 87 OF .\SRC\MAIN.C: 'DATA': SEGMENT TOO LARGE
C51 COMPILATION COMPLETE.  0 WARNING(S),  1 ERROR(S)

[2022-05-12 19:51:03]	compilation failed at : "c:\Users\guoliang\devSpace\MCU\51\sw_workspace\OLED\src\main.c", exit code: 2
  at unify_builder.Program.Main (System.String[] args) [0x0177b] in <b9271b40b8c2421c89943586cdcc8f1f>:0 
---
C51 COMPILER V9.60.0.0 - SN: Eval Version
COPYRIGHT Copyright (C) 2012 - 2019 ARM Ltd and ARM Germany GmbH. All rights reserved.
*** ERROR C249 IN LINE 87 OF .\SRC\MAIN.C: 'DATA': SEGMENT TOO LARGE
C51 COMPILATION COMPLETE.  0 WARNING(S),  1 ERROR(S)

[2022-05-12 19:51:42]	compilation failed at : "c:\Users\guoliang\devSpace\MCU\51\sw_workspace\OLED\src\oled.c", exit code: 2
  at unify_builder.Program.Main (System.String[] args) [0x0177b] in <b9271b40b8c2421c89943586cdcc8f1f>:0 
---
C51 COMPILER V9.60.0.0 - SN: Eval Version
COPYRIGHT Copyright (C) 2012 - 2019 ARM Ltd and ARM Germany GmbH. All rights reserved.
*** ERROR C249 IN LINE 421 OF .\SRC\OLED.C: 'DATA': SEGMENT TOO LARGE
C51 COMPILATION COMPLETE.  0 WARNING(S),  1 ERROR(S)

[2022-05-12 19:57:29]	compilation failed at : "c:\Users\guoliang\devSpace\MCU\51\sw_workspace\OLED\src\oled.c", exit code: 2
  at unify_builder.Program.Main (System.String[] args) [0x0177b] in <b9271b40b8c2421c89943586cdcc8f1f>:0 
---
C51 COMPILER V9.60.0.0 - SN: Eval Version
COPYRIGHT Copyright (C) 2012 - 2019 ARM Ltd and ARM Germany GmbH. All rights reserved.
*** ERROR C249 IN LINE 421 OF .\SRC\OLED.C: 'DATA': SEGMENT TOO LARGE
C51 COMPILATION COMPLETE.  0 WARNING(S),  1 ERROR(S)

[2022-05-12 19:58:57]	link failed !, exit code: 3
  at unify_builder.Program.Main (System.String[] args) [0x0191f] in <b9271b40b8c2421c89943586cdcc8f1f>:0 
---
LX51 LINKER/LOCATER V4.66.97.0 - SN: Eval Version
COPYRIGHT ARM Germany GmbH 1995 - 2019
@c:\Users\guoliang\devSpace\MCU\51\sw_workspace\OLED\build\Debug\OLED.lnp 
.\build\Debug\src\main.o,.\build\Debug\src\oled.o,.\build\Debug\src\oled12864.o TO .\build\Debug\OLED
PRINT(.\build\Debug\OLED.map) REMOVEUNUSED
******************************************************************************
* RESTRICTED VERSION WITH 0800H BYTE CODE SIZE LIMIT; USED: 1777H BYTE (293%) *
******************************************************************************
Program Size: data=14.0 xdata=0 const=2520 code=838
*** ERROR L250: CODE SIZE LIMIT IN RESTRICTED VERSION EXCEEDED
    LIMIT:   0800H BYTES


[2022-05-12 20:19:27]	link failed !, exit code: 3
  at unify_builder.Program.Main (System.String[] args) [0x0191f] in <b9271b40b8c2421c89943586cdcc8f1f>:0 
---
LX51 LINKER/LOCATER V4.66.97.0 - SN: Eval Version
COPYRIGHT ARM Germany GmbH 1995 - 2019
@c:\Users\guoliang\devSpace\MCU\51\sw_workspace\OLED\build\Debug\OLED.lnp 
.\build\Debug\src\main.o,.\build\Debug\src\oled.o,.\build\Debug\src\oled12864.o TO .\build\Debug\OLED
PRINT(.\build\Debug\OLED.map) REMOVEUNUSED
******************************************************************************
* RESTRICTED VERSION WITH 0800H BYTE CODE SIZE LIMIT; USED: 0F77H BYTE (193%) *
******************************************************************************
Program Size: data=14.0 xdata=0 const=2520 code=838
*** ERROR L250: CODE SIZE LIMIT IN RESTRICTED VERSION EXCEEDED
    LIMIT:   0800H BYTES


[2022-05-12 20:20:32]	compilation failed at : "c:\Users\guoliang\devSpace\MCU\51\sw_workspace\OLED\src\oled.c", exit code: 2
  at unify_builder.Program.Main (System.String[] args) [0x0177b] in <b9271b40b8c2421c89943586cdcc8f1f>:0 
---
C51 COMPILER V9.60.0.0 - SN: Eval Version
COPYRIGHT Copyright (C) 2012 - 2019 ARM Ltd and ARM Germany GmbH. All rights reserved.
*** ERROR C202 IN LINE 264 OF .\SRC\OLED.C: 'F8X16': undefined identifier
*** ERROR C202 IN LINE 267 OF .\SRC\OLED.C: 'F8X16': undefined identifier
*** ERROR C202 IN LINE 272 OF .\SRC\OLED.C: 'F6x8': undefined identifier
*** ERROR C202 IN LINE 326 OF .\SRC\OLED.C: 'Hzk': undefined identifier
*** ERROR C202 IN LINE 332 OF .\SRC\OLED.C: 'Hzk': undefined identifier
C51 COMPILATION COMPLETE.  0 WARNING(S),  5 ERROR(S)

[2022-05-12 20:26:25]	link failed !, exit code: 3
  at unify_builder.Program.Main (System.String[] args) [0x0191f] in <b9271b40b8c2421c89943586cdcc8f1f>:0 
---
LX51 LINKER/LOCATER V4.66.97.0 - SN: Eval Version
COPYRIGHT ARM Germany GmbH 1995 - 2019
@c:\Users\guoliang\devSpace\MCU\51\sw_workspace\OLED\build\Debug\OLED.lnp 
.\build\Debug\src\main.o,.\build\Debug\src\oled.o,.\build\Debug\src\oled12864.o TO .\build\Debug\OLED
PRINT(.\build\Debug\OLED.map) REMOVEUNUSED
******************************************************************************
* RESTRICTED VERSION WITH 0800H BYTE CODE SIZE LIMIT; USED: 1777H BYTE (293%) *
******************************************************************************
Program Size: data=14.0 xdata=0 const=2520 code=838
*** ERROR L250: CODE SIZE LIMIT IN RESTRICTED VERSION EXCEEDED
    LIMIT:   0800H BYTES


[2022-05-12 20:26:30]	link failed !, exit code: 3
  at unify_builder.Program.Main (System.String[] args) [0x0191f] in <b9271b40b8c2421c89943586cdcc8f1f>:0 
---
LX51 LINKER/LOCATER V4.66.97.0 - SN: Eval Version
COPYRIGHT ARM Germany GmbH 1995 - 2019
@c:\Users\guoliang\devSpace\MCU\51\sw_workspace\OLED\build\Debug\OLED.lnp 
.\build\Debug\src\main.o,.\build\Debug\src\oled.o,.\build\Debug\src\oled12864.o TO .\build\Debug\OLED
PRINT(.\build\Debug\OLED.map) REMOVEUNUSED
******************************************************************************
* RESTRICTED VERSION WITH 0800H BYTE CODE SIZE LIMIT; USED: 1777H BYTE (293%) *
******************************************************************************
Program Size: data=14.0 xdata=0 const=2520 code=838
*** ERROR L250: CODE SIZE LIMIT IN RESTRICTED VERSION EXCEEDED
    LIMIT:   0800H BYTES


[2022-05-12 20:27:07]	link failed !, exit code: 3
  at unify_builder.Program.Main (System.String[] args) [0x0191f] in <b9271b40b8c2421c89943586cdcc8f1f>:0 
---
LX51 LINKER/LOCATER V4.66.97.0 - SN: Eval Version
COPYRIGHT ARM Germany GmbH 1995 - 2019
@c:\Users\guoliang\devSpace\MCU\51\sw_workspace\OLED\build\Debug\OLED.lnp 
.\build\Debug\src\main.o,.\build\Debug\src\oled.o,.\build\Debug\src\oled12864.o TO .\build\Debug\OLED
PRINT(.\build\Debug\OLED.map) REMOVEUNUSED
******************************************************************************
* RESTRICTED VERSION WITH 0800H BYTE CODE SIZE LIMIT; USED: 1777H BYTE (293%) *
******************************************************************************
Program Size: data=14.0 xdata=0 const=2520 code=838
*** ERROR L250: CODE SIZE LIMIT IN RESTRICTED VERSION EXCEEDED
    LIMIT:   0800H BYTES


[2022-05-12 20:27:26]	link failed !, exit code: 3
  at unify_builder.Program.Main (System.String[] args) [0x0191f] in <b9271b40b8c2421c89943586cdcc8f1f>:0 
---
LX51 LINKER/LOCATER V4.66.97.0 - SN: Eval Version
COPYRIGHT ARM Germany GmbH 1995 - 2019
@c:\Users\guoliang\devSpace\MCU\51\sw_workspace\OLED\build\Debug\OLED.lnp 
.\build\Debug\src\main.o,.\build\Debug\src\oled.o,.\build\Debug\src\oled12864.o TO .\build\Debug\OLED
PRINT(.\build\Debug\OLED.map) REMOVEUNUSED
******************************************************************************
* RESTRICTED VERSION WITH 0800H BYTE CODE SIZE LIMIT; USED: 1777H BYTE (293%) *
******************************************************************************
Program Size: data=14.0 xdata=0 const=2520 code=838
*** ERROR L250: CODE SIZE LIMIT IN RESTRICTED VERSION EXCEEDED
    LIMIT:   0800H BYTES


[2022-05-12 20:27:31]	link failed !, exit code: 3
  at unify_builder.Program.Main (System.String[] args) [0x0191f] in <b9271b40b8c2421c89943586cdcc8f1f>:0 
---
LX51 LINKER/LOCATER V4.66.97.0 - SN: Eval Version
COPYRIGHT ARM Germany GmbH 1995 - 2019
@c:\Users\guoliang\devSpace\MCU\51\sw_workspace\OLED\build\Debug\OLED.lnp 
.\build\Debug\src\main.o,.\build\Debug\src\oled.o,.\build\Debug\src\oled12864.o TO .\build\Debug\OLED
PRINT(.\build\Debug\OLED.map) REMOVEUNUSED
******************************************************************************
* RESTRICTED VERSION WITH 0800H BYTE CODE SIZE LIMIT; USED: 1777H BYTE (293%) *
******************************************************************************
Program Size: data=14.0 xdata=0 const=2520 code=838
*** ERROR L250: CODE SIZE LIMIT IN RESTRICTED VERSION EXCEEDED
    LIMIT:   0800H BYTES


[2022-05-12 20:27:34]	link failed !, exit code: 3
  at unify_builder.Program.Main (System.String[] args) [0x0191f] in <b9271b40b8c2421c89943586cdcc8f1f>:0 
---
LX51 LINKER/LOCATER V4.66.97.0 - SN: Eval Version
COPYRIGHT ARM Germany GmbH 1995 - 2019
@c:\Users\guoliang\devSpace\MCU\51\sw_workspace\OLED\build\Debug\OLED.lnp 
.\build\Debug\src\main.o,.\build\Debug\src\oled.o,.\build\Debug\src\oled12864.o TO .\build\Debug\OLED
PRINT(.\build\Debug\OLED.map) REMOVEUNUSED
******************************************************************************
* RESTRICTED VERSION WITH 0800H BYTE CODE SIZE LIMIT; USED: 1777H BYTE (293%) *
******************************************************************************
Program Size: data=14.0 xdata=0 const=2520 code=838
*** ERROR L250: CODE SIZE LIMIT IN RESTRICTED VERSION EXCEEDED
    LIMIT:   0800H BYTES


[2022-05-12 20:27:41]	link failed !, exit code: 3
  at unify_builder.Program.Main (System.String[] args) [0x0191f] in <b9271b40b8c2421c89943586cdcc8f1f>:0 
---
LX51 LINKER/LOCATER V4.66.97.0 - SN: Eval Version
COPYRIGHT ARM Germany GmbH 1995 - 2019
@c:\Users\guoliang\devSpace\MCU\51\sw_workspace\OLED\build\Debug\OLED.lnp 
.\build\Debug\src\main.o,.\build\Debug\src\oled.o,.\build\Debug\src\oled12864.o TO .\build\Debug\OLED
PRINT(.\build\Debug\OLED.map) REMOVEUNUSED
******************************************************************************
* RESTRICTED VERSION WITH 0800H BYTE CODE SIZE LIMIT; USED: 1777H BYTE (293%) *
******************************************************************************
Program Size: data=14.0 xdata=0 const=2520 code=838
*** ERROR L250: CODE SIZE LIMIT IN RESTRICTED VERSION EXCEEDED
    LIMIT:   0800H BYTES


[2022-05-13 12:44:14]	link failed !, exit code: 3
  at unify_builder.Program.Main (System.String[] args) [0x0191f] in <b9271b40b8c2421c89943586cdcc8f1f>:0 
---
LX51 LINKER/LOCATER V4.66.97.0 - SN: Eval Version
COPYRIGHT ARM Germany GmbH 1995 - 2019
@c:\Users\guoliang\devSpace\MCU\51\sw_workspace\OLED\build\Debug\OLED.lnp 
.\build\Debug\src\I2C.o,.\build\Debug\src\delay.o,.\build\Debug\src\main.o,.\build\Debug\src\oled.o,.\build\Debug\src\oled12864.o TO .\build\Debug\OLED
PRINT(.\build\Debug\OLED.map) REMOVEUNUSED
*** ERROR L104: MULTIPLE PUBLIC DEFINITIONS
    SYMBOL:  iic_stop
    MODULE:  .\BUILD\DEBUG\SRC\OLED.O (OLED)
   DEFINED:  .\BUILD\DEBUG\SRC\I2C.O (I2C)
*** ERROR L104: MULTIPLE PUBLIC DEFINITIONS
    SYMBOL:  iic_start
    MODULE:  .\BUILD\DEBUG\SRC\OLED.O (OLED)
   DEFINED:  .\BUILD\DEBUG\SRC\I2C.O (I2C)
******************************************************************************
* RESTRICTED VERSION WITH 0800H BYTE CODE SIZE LIMIT; USED: 180BH BYTE (300%) *
******************************************************************************
Program Size: data=14.0 xdata=0 const=2520 code=838
*** ERROR L104: MULTIPLE PUBLIC DEFINITIONS
    SYMBOL:  iic_stop
    MODULE:  .\BUILD\DEBUG\SRC\OLED.O (OLED)
   DEFINED:  .\BUILD\DEBUG\SRC\I2C.O (I2C)
*** ERROR L104: MULTIPLE PUBLIC DEFINITIONS
    SYMBOL:  iic_start
    MODULE:  .\BUILD\DEBUG\SRC\OLED.O (OLED)
   DEFINED:  .\BUILD\DEBUG\SRC\I2C.O (I2C)
*** ERROR L250: CODE SIZE LIMIT IN RESTRICTED VERSION EXCEEDED
    LIMIT:   0800H BYTES


