[2022-05-18 10:20:44]	[done]
	build successfully !

[2022-05-18 10:21:22]	[done]
	build successfully !

[2022-05-18 10:26:41]	compilation failed at : "c:\Users\guoliang\devSpace\MCU\51\sw_workspace\SLED\segment_led\src\main.c", exit code: 2
  at unify_builder.Program.Main (System.String[] args) [0x0178e] in <6d8c0f91f6d94a3cb9e4240f591355c3>:0 
---
C51 COMPILER V9.60.0.0 - SN: Eval Version
COPYRIGHT Copyright (C) 2012 - 2019 ARM Ltd and ARM Germany GmbH. All rights reserved.
*** ERROR C279 IN LINE 4 OF .\SRC\sled_code.inc: 'sled': multiple initialization
C51 COMPILATION COMPLETE.  0 WARNING(S),  1 ERROR(S)

[2022-05-18 10:28:56]	[done]
	build successfully !

[2022-05-18 10:30:12]	[done]
	build successfully !

[2022-05-18 10:37:49]	compilation failed at : "c:\Users\guoliang\devSpace\MCU\51\sw_workspace\SLED\segment_led\src\main.c", exit code: 2
  at unify_builder.Program.Main (System.String[] args) [0x0178e] in <6d8c0f91f6d94a3cb9e4240f591355c3>:0 
---
C51 COMPILER V9.60.0.0 - SN: Eval Version
COPYRIGHT Copyright (C) 2012 - 2019 ARM Ltd and ARM Germany GmbH. All rights reserved.
*** WARNING C318 IN LINE 3 OF .\SRC\MAIN.C: can't open file 'delay.h'
*** ERROR C141 IN LINE 8 OF .\SRC\MAIN.C: syntax error near 'unsigned', expected '__asm'
*** ERROR C202 IN LINE 8 OF .\SRC\MAIN.C: 'i': undefined identifier
*** ERROR C202 IN LINE 12 OF .\SRC\MAIN.C: 'i': undefined identifier
*** ERROR C202 IN LINE 14 OF .\SRC\MAIN.C: 'i': undefined identifier
C51 COMPILATION COMPLETE.  1 WARNING(S),  4 ERROR(S)

[2022-05-18 10:38:03]	compilation failed at : "c:\Users\guoliang\devSpace\MCU\51\sw_workspace\SLED\segment_led\src\main.c", exit code: 2
  at unify_builder.Program.Main (System.String[] args) [0x0178e] in <6d8c0f91f6d94a3cb9e4240f591355c3>:0 
---
C51 COMPILER V9.60.0.0 - SN: Eval Version
COPYRIGHT Copyright (C) 2012 - 2019 ARM Ltd and ARM Germany GmbH. All rights reserved.
*** ERROR C141 IN LINE 8 OF .\SRC\MAIN.C: syntax error near 'unsigned', expected '__asm'
*** ERROR C202 IN LINE 8 OF .\SRC\MAIN.C: 'i': undefined identifier
*** ERROR C202 IN LINE 12 OF .\SRC\MAIN.C: 'i': undefined identifier
*** ERROR C202 IN LINE 14 OF .\SRC\MAIN.C: 'i': undefined identifier
C51 COMPILATION COMPLETE.  0 WARNING(S),  4 ERROR(S)

[2022-05-18 10:38:31]	[done]
	build successfully !

[2022-05-18 10:39:33]	[done]
	build successfully !

[2022-05-18 10:46:02]	[done]
	build successfully !

[2022-05-18 10:47:06]	[done]
	build successfully !

