C51 COMPILER V9.60.0.0   MAIN                                                              03/15/2022 07:33:26 PAGE 1   


C51 COMPILER V9.60.0.0, COMPILATION OF MODULE MAIN
OBJECT MODULE PLACED IN .\Objects\main.obj
COMPILER INVOKED BY: C:\Keil_v5\C51\BIN\C51.EXE main.c OPTIMIZE(8,SPEED) BROWSE DEBUG OBJECTEXTEND PRINT(.\Listings\main
                    -.lst) TABS(2) OBJECT(.\Objects\main.obj)

line level    source

   1          #include <REG52.h>
   2          
   3          void Delay100us()   //@12.000MHz
   4          {
   5   1        unsigned char i, j;
   6   1      
   7   1        i = 2;
   8   1        j = 39;
   9   1        do
  10   1        {
  11   2          while (--j);
  12   2        } while (--i);
  13   1      }
  14          
  15          int main()
  16          {
  17   1        int i = 0;
  18   1        
  19   1        while(1)
  20   1        {
  21   2          P0 = 0xFF;
  22   2          for(i =0; i < 1000; ++i)
  23   2          {
  24   3            Delay100us();
  25   3          }
  26   2          
  27   2          P0 = 0x0;
  28   2          for(i =0; i < 1000; ++i)
  29   2          {
  30   3            Delay100us();
  31   3          }
  32   2        }
  33   1        
  34   1        return 0;
  35   1      }
*** WARNING C294 IN LINE 34 OF main.c: unreachable code


MODULE INFORMATION:   STATIC OVERLAYABLE
   CODE SIZE        =     55    ----
   CONSTANT SIZE    =   ----    ----
   XDATA SIZE       =   ----    ----
   PDATA SIZE       =   ----    ----
   DATA SIZE        =   ----    ----
   IDATA SIZE       =   ----    ----
   BIT SIZE         =   ----    ----
END OF MODULE INFORMATION.


C51 COMPILATION COMPLETE.  1 WARNING(S),  0 ERROR(S)
