[2022-05-12 16:00:38]	compilation failed at : "c:\Users\guoliang\devSpace\MCU\51\sw_workspace\DS18B20\src\main.c", exit code: 2
  at unify_builder.Program.Main (System.String[] args) [0x0177b] in <b9271b40b8c2421c89943586cdcc8f1f>:0 
---
C51 COMPILER V9.60.0.0 - SN: Eval Version
COPYRIGHT Copyright (C) 2012 - 2019 ARM Ltd and ARM Germany GmbH. All rights reserved.
*** ERROR C141 IN LINE 12 OF .\SRC\MAIN.C: syntax error near '}', expected '__asm'
C51 COMPILATION COMPLETE.  0 WARNING(S),  1 ERROR(S)

[2022-05-12 16:00:44]	[done]
	build successfully !

[2022-05-12 16:01:22]	[done]
	build successfully !

[2022-05-12 16:01:57]	[done]
	build successfully !

[2022-05-12 16:02:27]	[done]
	build successfully !

[2022-05-12 16:02:58]	[done]
	build successfully !

[2022-05-12 16:04:22]	[done]
	build successfully !

[2022-05-12 16:04:44]	[done]
	build successfully !

[2022-05-12 16:05:27]	[done]
	build successfully !

[2022-05-12 16:35:57]	compilation failed at : "c:\Users\guoliang\devSpace\MCU\51\sw_workspace\DS18B20\src\ds18b20.c", exit code: 2
  at unify_builder.Program.Main (System.String[] args) [0x0177b] in <b9271b40b8c2421c89943586cdcc8f1f>:0 
---
C51 COMPILER V9.60.0.0 - SN: Eval Version
COPYRIGHT Copyright (C) 2012 - 2019 ARM Ltd and ARM Germany GmbH. All rights reserved.
*** ERROR C141 IN LINE 7 OF .\SRC\one_wire.h: syntax error near 'bit', expected 'hdata'
C51 COMPILATION COMPLETE.  0 WARNING(S),  1 ERROR(S)

[2022-05-12 16:37:14]	compilation failed at : "c:\Users\guoliang\devSpace\MCU\51\sw_workspace\DS18B20\src\one_wire.c", exit code: 2
  at unify_builder.Program.Main (System.String[] args) [0x0177b] in <b9271b40b8c2421c89943586cdcc8f1f>:0 
---
C51 COMPILER V9.60.0.0 - SN: Eval Version
COPYRIGHT Copyright (C) 2012 - 2019 ARM Ltd and ARM Germany GmbH. All rights reserved.
*** ERROR C141 IN LINE 26 OF .\SRC\ONE_WIRE.C: syntax error near 'bit', expected 'sizeof'
*** ERROR C141 IN LINE 34 OF .\SRC\ONE_WIRE.C: syntax error near 'bit', expected 'hdata'
*** ERROR C141 IN LINE 40 OF .\SRC\ONE_WIRE.C: syntax error near 'bit', expected '__asm'
*** ERROR C141 IN LINE 43 OF .\SRC\ONE_WIRE.C: syntax error near 'bit', expected ';'
C51 COMPILATION COMPLETE.  0 WARNING(S),  4 ERROR(S)

[2022-05-12 16:37:49]	compilation failed at : "c:\Users\guoliang\devSpace\MCU\51\sw_workspace\DS18B20\src\one_wire.c", exit code: 2
  at unify_builder.Program.Main (System.String[] args) [0x0177b] in <b9271b40b8c2421c89943586cdcc8f1f>:0 
---
C51 COMPILER V9.60.0.0 - SN: Eval Version
COPYRIGHT Copyright (C) 2012 - 2019 ARM Ltd and ARM Germany GmbH. All rights reserved.
*** ERROR C141 IN LINE 26 OF .\SRC\ONE_WIRE.C: syntax error near 'bit', expected 'sizeof'
*** ERROR C141 IN LINE 34 OF .\SRC\ONE_WIRE.C: syntax error near 'bit', expected 'hdata'
*** ERROR C141 IN LINE 40 OF .\SRC\ONE_WIRE.C: syntax error near 'bit', expected '__asm'
*** ERROR C141 IN LINE 43 OF .\SRC\ONE_WIRE.C: syntax error near 'bit', expected ';'
C51 COMPILATION COMPLETE.  0 WARNING(S),  4 ERROR(S)

[2022-05-12 16:38:34]	[done]
	build successfully !

[2022-05-12 16:44:18]	[done]
	build successfully !

[2022-05-12 16:47:23]	compilation failed at : "c:\Users\guoliang\devSpace\MCU\51\sw_workspace\DS18B20\src\one_wire.c", exit code: 2
  at unify_builder.Program.Main (System.String[] args) [0x0177b] in <b9271b40b8c2421c89943586cdcc8f1f>:0 
---
C51 COMPILER V9.60.0.0 - SN: Eval Version
COPYRIGHT Copyright (C) 2012 - 2019 ARM Ltd and ARM Germany GmbH. All rights reserved.
*** WARNING C206 IN LINE 52 OF .\SRC\ONE_WIRE.C: 'one_wire_send_bit': missing function-prototype
*** ERROR C267 IN LINE 52 OF .\SRC\ONE_WIRE.C: 'one_wire_send_bit': requires ANSI-style prototype
C51 COMPILATION COMPLETE.  1 WARNING(S),  1 ERROR(S)

[2022-05-12 16:47:58]	compilation failed at : "c:\Users\guoliang\devSpace\MCU\51\sw_workspace\DS18B20\src\one_wire.c", exit code: 2
  at unify_builder.Program.Main (System.String[] args) [0x0177b] in <b9271b40b8c2421c89943586cdcc8f1f>:0 
---
C51 COMPILER V9.60.0.0 - SN: Eval Version
COPYRIGHT Copyright (C) 2012 - 2019 ARM Ltd and ARM Germany GmbH. All rights reserved.
*** WARNING C206 IN LINE 52 OF .\SRC\ONE_WIRE.C: 'one_wire_wirte_bit': missing function-prototype
*** ERROR C267 IN LINE 52 OF .\SRC\ONE_WIRE.C: 'one_wire_wirte_bit': requires ANSI-style prototype
C51 COMPILATION COMPLETE.  1 WARNING(S),  1 ERROR(S)

[2022-05-12 16:48:18]	[done]
	build successfully !

[2022-05-12 16:49:38]	[done]
	build successfully !

[2022-05-12 16:52:17]	[done]
	build successfully !

[2022-05-12 16:52:56]	[done]
	build successfully !

