C51 COMPILER V9.60.0.0   DELAY                                                             05/19/2022 15:47:46 PAGE 1   


C51 COMPILER V9.60.0.0, COMPILATION OF MODULE DELAY
OBJECT MODULE PLACED IN .\build\Debug\src\delay.o
COMPILER INVOKED BY: C:\Keil_v5\C51\BIN\C51.exe .\SRC\DELAY.C PRINT(.\build\Debug\src\delay.lst) OMF2 TABS(4) CODE NOCON
                    -D SYMBOLS OPTIMIZE(8,SPEED) SMALL ROM(LARGE) INCDIR(.\..\..\..\..\..\..\..\Keil_v5\C51\INC;.\src) DEFINE(__UVISION_VERSI
                    -ON=526) OBJECT(.\build\Debug\src\delay.o)

line level    source

   1          #include "delay.h"
   2          
   3          void delay_x_ms(unsigned int time)      //@12.000MHz
   4          {
   5   1          unsigned char i, j;
   6   1      
   7   1          while(time--)
   8   1          {
   9   2              i = 2;
  10   2              j = 239;
  11   2              do
  12   2              {
  13   3                  while (--j);
  14   3              } while (--i);
  15   2          }
  16   1      }
C51 COMPILER V9.60.0.0   DELAY                                                             05/19/2022 15:47:46 PAGE 2   

ASSEMBLY LISTING OF GENERATED OBJECT CODE


             ; FUNCTION _delay_x_ms (BEGIN)
                                           ; SOURCE LINE # 3
;---- Variable 'time' assigned to Register 'R6/R7' ----
                                           ; SOURCE LINE # 4
0000         ?C0001:
                                           ; SOURCE LINE # 7
0000 EF                MOV     A,R7
0001 1F                DEC     R7
0002 AC06              MOV     R4,AR6
0004 7001              JNZ     ?C0009
0006 1E                DEC     R6
0007         ?C0009:
0007 4C                ORL     A,R4
0008 600A              JZ      ?C0008
                                           ; SOURCE LINE # 8
                                           ; SOURCE LINE # 9
;---- Variable 'i' assigned to Register 'R5' ----
000A 7D02              MOV     R5,#02H
                                           ; SOURCE LINE # 10
;---- Variable 'j' assigned to Register 'R4' ----
000C 7CEF              MOV     R4,#0EFH
                                           ; SOURCE LINE # 12
000E         ?C0006:
                                           ; SOURCE LINE # 13
000E DCFE              DJNZ    R4,?C0006
                                           ; SOURCE LINE # 14
0010 DDFC              DJNZ    R5,?C0006
                                           ; SOURCE LINE # 15
0012 80EC              SJMP    ?C0001
                                           ; SOURCE LINE # 16
0014         ?C0008:
0014 22                RET     
             ; FUNCTION _delay_x_ms (END)

C51 COMPILER V9.60.0.0   DELAY                                                             05/19/2022 15:47:46 PAGE 3   

NAME                                    CLASS   MSPACE  TYPE    OFFSET  SIZE
====                                    =====   ======  ====    ======  ====


_delay_x_ms. . . . . . . . . . . . . .  PUBLIC   CODE   PROC     0000H  -----
  time . . . . . . . . . . . . . . . .  * REG *  DATA   U_INT    0006H  2
  i. . . . . . . . . . . . . . . . . .  * REG *  DATA   U_CHAR   0005H  1
  j. . . . . . . . . . . . . . . . . .  * REG *  DATA   U_CHAR   0004H  1


MODULE INFORMATION:   STATIC OVERLAYABLE
   CODE SIZE        =     21    ----
   CONSTANT SIZE    =   ----    ----
   XDATA SIZE       =   ----    ----
   PDATA SIZE       =   ----    ----
   DATA SIZE        =   ----    ----
   IDATA SIZE       =   ----    ----
   BIT SIZE         =   ----    ----
   EDATA SIZE       =   ----    ----
   HDATA SIZE       =   ----    ----
   XDATA CONST SIZE =   ----    ----
   FAR CONST SIZE   =   ----    ----
END OF MODULE INFORMATION.


C51 COMPILATION COMPLETE.  0 WARNING(S),  0 ERROR(S)
