C51 COMPILER V9.60.0.0   OLED12864                                                         05/13/2022 12:44:14 PAGE 1   


C51 COMPILER V9.60.0.0, COMPILATION OF MODULE OLED12864
OBJECT MODULE PLACED IN .\build\Debug\src\oled12864.o
COMPILER INVOKED BY: C:\Keil_v5\C51\BIN\C51.exe .\SRC\OLED12864.C PRINT(.\build\Debug\src\oled12864.lst) OMF2 TABS(4) CO
                    -DE NOCOND SYMBOLS OPTIMIZE(8,SPEED) SMALL ROM(LARGE) INCDIR(.\..\..\..\..\..\..\..\Keil_v5\C51\INC;.\src) DEFINE(__UVISI
                    -ON_VERSION=526) OBJECT(.\build\Debug\src\oled12864.o)

line level    source

C51 COMPILER V9.60.0.0   OLED12864                                                         05/13/2022 12:44:14 PAGE 2   

ASSEMBLY LISTING OF GENERATED OBJECT CODE


C51 COMPILER V9.60.0.0   OLED12864                                                         05/13/2022 12:44:14 PAGE 3   

NAME                                    CLASS   MSPACE  TYPE    OFFSET  SIZE
====                                    =====   ======  ====    ======  ====




MODULE INFORMATION:   STATIC OVERLAYABLE
   CODE SIZE        =   ----    ----
   CONSTANT SIZE    =   ----    ----
   XDATA SIZE       =   ----    ----
   PDATA SIZE       =   ----    ----
   DATA SIZE        =   ----    ----
   IDATA SIZE       =   ----    ----
   BIT SIZE         =   ----    ----
   EDATA SIZE       =   ----    ----
   HDATA SIZE       =   ----    ----
   XDATA CONST SIZE =   ----    ----
   FAR CONST SIZE   =   ----    ----
END OF MODULE INFORMATION.


C51 COMPILATION COMPLETE.  0 WARNING(S),  0 ERROR(S)
